[0.008s] Invoking command in '/home/ws/build/allan_variance_ros2': CMAKE_PREFIX_PATH=/home/ws/install/allan_variance_msgs:/home/ws/install/allan_variance_ros2:/opt/ros/humble LD_LIBRARY_PATH=/home/ws/install/allan_variance_msgs/lib:/home/ws/install/allan_variance_ros2/lib:/opt/ros/humble/lib/x86_64-linux-gnu:/opt/ros/humble/lib /usr/bin/cmake --build /home/ws/build/allan_variance_ros2 -- -j12 -l12
[0.046s] [35m[1mConsolidate compiler generated dependencies of target allan_variance_ros2[0m
[0.064s] [ 16%] [32mBuilding CXX object CMakeFiles/allan_variance_ros2.dir/src/AllanVarianceComputor.cpp.o[0m
[2.772s] [01m[K/home/ws/src/allan_variance_ros2/src/AllanVarianceComputor.cpp:[m[K In constructor â€˜[01m[Kallan_variance_ros::AllanVarianceComputor::AllanVarianceComputor(rclcpp::Node*, std::string, std::string)[m[Kâ€™:
[2.772s] [01m[K/home/ws/src/allan_variance_ros2/src/AllanVarianceComputor.cpp:6:60:[m[K [01;35m[Kwarning: [m[Kunused parameter â€˜[01m[Knh[m[Kâ€™ [[01;35m[K]8;;https://gcc.gnu.org/onlinedocs/gcc/Warning-Options.html#index-Wunused-parameter-Wunused-parameter]8;;[m[K]
[2.772s]     6 | AllanVarianceComputor::AllanVarianceComputor([01;35m[Krclcpp::Node* nh[m[K, std::string config_file, std::string output_path)
[2.772s]       |                                              [01;35m[K~~~~~~~~~~~~~~^~[m[K
[2.775s] [01m[K/home/ws/src/allan_variance_ros2/src/AllanVarianceComputor.cpp:[m[K In member function â€˜[01m[Kvoid allan_variance_ros::AllanVarianceComputor::run(std::string)[m[Kâ€™:
[2.775s] [01m[K/home/ws/src/allan_variance_ros2/src/AllanVarianceComputor.cpp:59:21:[m[K [01;35m[Kwarning: [m[Kloop variable â€˜[01m[Kavailable_topic[m[Kâ€™ creates a copy from type â€˜[01m[Kconst rosbag2_storage::TopicMetadata[m[Kâ€™ [[01;35m[K]8;;https://gcc.gnu.org/onlinedocs/gcc/Warning-Options.html#index-Wrange-loop-construct-Wrange-loop-construct]8;;[m[K]
[2.775s]    59 |     for (const auto [01;35m[Kavailable_topic[m[K : available_topics)
[2.775s]       |                     [01;35m[K^~~~~~~~~~~~~~~[m[K
[2.775s] [01m[K/home/ws/src/allan_variance_ros2/src/AllanVarianceComputor.cpp:59:21:[m[K [01;36m[Knote: [m[Kuse reference type to prevent copying
[2.775s]    59 |     for (const auto [01;36m[Kavailable_topic[m[K : available_topics)
[2.775s]       |                     [01;36m[K^~~~~~~~~~~~~~~[m[K
[2.775s]       |                     [32m[K&[m[K
[2.782s] [01m[K/home/ws/src/allan_variance_ros2/src/AllanVarianceComputor.cpp:34:7:[m[K [01;35m[Kwarning: [m[Kunused variable â€˜[01m[Kimu_counter[m[Kâ€™ [[01;35m[K]8;;https://gcc.gnu.org/onlinedocs/gcc/Warning-Options.html#index-Wunused-variable-Wunused-variable]8;;[m[K]
[2.782s]    34 |   int [01;35m[Kimu_counter[m[K = 0;
[2.782s]       |       [01;35m[K^~~~~~~~~~~[m[K
[3.820s] [ 33%] [32m[1mLinking CXX shared library liballan_variance_ros2.so[0m
[3.952s] [ 66%] Built target allan_variance_ros2
[3.975s] [ 83%] [32mBuilding CXX object CMakeFiles/allan_variance.dir/src/allan_variance.cpp.o[0m
[7.143s] [01m[K/home/ws/src/allan_variance_ros2/src/allan_variance.cpp:[m[K In function â€˜[01m[Kint main(int, char**)[m[Kâ€™:
[7.144s] [01m[K/home/ws/src/allan_variance_ros2/src/allan_variance.cpp:58:11:[m[K [01;31m[Kerror: [m[Kâ€˜[01m[Kspin_once[m[Kâ€™ is not a member of â€˜[01m[Krclcpp[m[Kâ€™; did you mean â€˜[01m[Kspin_some[m[Kâ€™?
[7.144s]    58 |   rclcpp::[01;31m[Kspin_once[m[K(std::make_shared<AllanVarianceRos2>(bag_path, config_file));
[7.144s]       |           [01;31m[K^~~~~~~~~[m[K
[7.144s]       |           [32m[Kspin_some[m[K
[7.683s] gmake[2]: *** [CMakeFiles/allan_variance.dir/build.make:76: CMakeFiles/allan_variance.dir/src/allan_variance.cpp.o] Error 1
[7.683s] gmake[1]: *** [CMakeFiles/Makefile2:165: CMakeFiles/allan_variance.dir/all] Error 2
[7.683s] gmake: *** [Makefile:146: all] Error 2
[7.685s] Invoked command in '/home/ws/build/allan_variance_ros2' returned '2': CMAKE_PREFIX_PATH=/home/ws/install/allan_variance_msgs:/home/ws/install/allan_variance_ros2:/opt/ros/humble LD_LIBRARY_PATH=/home/ws/install/allan_variance_msgs/lib:/home/ws/install/allan_variance_ros2/lib:/opt/ros/humble/lib/x86_64-linux-gnu:/opt/ros/humble/lib /usr/bin/cmake --build /home/ws/build/allan_variance_ros2 -- -j12 -l12
