[0.010s] Invoking command in '/home/ws/build/allan_variance_ros2': CMAKE_PREFIX_PATH=${CMAKE_PREFIX_PATH}:/opt/ros/humble LD_LIBRARY_PATH=/home/ws/install/allan_variance_msgs/lib:/home/ws/install/allan_variance_ros2/lib:/opt/ros/humble/lib/x86_64-linux-gnu:/opt/ros/humble/lib /usr/bin/cmake --build /home/ws/build/allan_variance_ros2 -- -j12 -l12
[0.042s] [35m[1mConsolidate compiler generated dependencies of target allan_variance_ros2[0m
[0.060s] [ 16%] [32mBuilding CXX object CMakeFiles/allan_variance_ros2.dir/src/AllanVarianceComputor.cpp.o[0m
[2.741s] [01m[K/home/ws/src/allan_variance_ros2/src/AllanVarianceComputor.cpp:[m[K In constructor â€˜[01m[Kallan_variance_ros::AllanVarianceComputor::AllanVarianceComputor(rclcpp::Node*, std::string, std::string)[m[Kâ€™:
[2.741s] [01m[K/home/ws/src/allan_variance_ros2/src/AllanVarianceComputor.cpp:6:60:[m[K [01;35m[Kwarning: [m[Kunused parameter â€˜[01m[Knh[m[Kâ€™ [[01;35m[K]8;;https://gcc.gnu.org/onlinedocs/gcc/Warning-Options.html#index-Wunused-parameter-Wunused-parameter]8;;[m[K]
[2.741s]     6 | AllanVarianceComputor::AllanVarianceComputor([01;35m[Krclcpp::Node* nh[m[K, std::string config_file, std::string output_path)
[2.741s]       |                                              [01;35m[K~~~~~~~~~~~~~~^~[m[K
[2.745s] [01m[K/home/ws/src/allan_variance_ros2/src/AllanVarianceComputor.cpp:[m[K In member function â€˜[01m[Kvoid allan_variance_ros::AllanVarianceComputor::run(std::string)[m[Kâ€™:
[2.745s] [01m[K/home/ws/src/allan_variance_ros2/src/AllanVarianceComputor.cpp:60:21:[m[K [01;35m[Kwarning: [m[Kloop variable â€˜[01m[Kavailable_topic[m[Kâ€™ creates a copy from type â€˜[01m[Kconst rosbag2_storage::TopicMetadata[m[Kâ€™ [[01;35m[K]8;;https://gcc.gnu.org/onlinedocs/gcc/Warning-Options.html#index-Wrange-loop-construct-Wrange-loop-construct]8;;[m[K]
[2.745s]    60 |     for (const auto [01;35m[Kavailable_topic[m[K : available_topics)
[2.745s]       |                     [01;35m[K^~~~~~~~~~~~~~~[m[K
[2.745s] [01m[K/home/ws/src/allan_variance_ros2/src/AllanVarianceComputor.cpp:60:21:[m[K [01;36m[Knote: [m[Kuse reference type to prevent copying
[2.746s]    60 |     for (const auto [01;36m[Kavailable_topic[m[K : available_topics)
[2.746s]       |                     [01;36m[K^~~~~~~~~~~~~~~[m[K
[2.746s]       |                     [32m[K&[m[K
[2.746s] [01m[K/home/ws/src/allan_variance_ros2/src/AllanVarianceComputor.cpp:70:47:[m[K [01;31m[Kerror: [m[Kâ€˜[01m[Kimu9_do_f[m[Kâ€™ is not a member of â€˜[01m[Kallan_variance_msgs::msg[m[Kâ€™; did you mean â€˜[01m[KImu9DoF[m[Kâ€™?
[2.746s]    70 |     std::shared_ptr<allan_variance_msgs::msg::[01;31m[Kimu9_do_f[m[K> msg;
[2.746s]       |                                               [01;31m[K^~~~~~~~~[m[K
[2.746s]       |                                               [32m[KImu9DoF[m[K
[2.747s] [01m[K/home/ws/src/allan_variance_ros2/src/AllanVarianceComputor.cpp:70:56:[m[K [01;31m[Kerror: [m[Ktemplate argument 1 is invalid
[2.747s]    70 |     std::shared_ptr<allan_variance_msgs::msg::imu9_do_f[01;31m[K>[m[K msg;
[2.747s]       |                                                        [01;31m[K^[m[K
[2.747s] [01m[K/home/ws/src/allan_variance_ros2/src/AllanVarianceComputor.cpp:73:26:[m[K [01;31m[Kerror: [m[Kcannot convert â€˜[01m[Kstd::shared_ptr<rosbag2_storage::SerializedBagMessage>[m[Kâ€™ to â€˜[01m[Kint[m[Kâ€™ in assignment
[2.747s]    73 |       msg = [01;31m[Kbag.read_next()[m[K;
[2.747s]       |             [01;31m[K~~~~~~~~~~~~~^~[m[K
[2.747s]       |                          [01;31m[K|[m[K
[2.747s]       |                          [01;31m[Kstd::shared_ptr<rosbag2_storage::SerializedBagMessage>[m[K
[2.747s] [01m[K/home/ws/src/allan_variance_ros2/src/AllanVarianceComputor.cpp:75:23:[m[K [01;31m[Kerror: [m[Kbase operand of â€˜[01m[K->[m[Kâ€™ is not a pointer
[2.747s]    75 |       std::cerr << msg[01;31m[K->[m[Ktime_stamp << std::endl;
[2.747s]       |                       [01;31m[K^~[m[K
[2.748s] [01m[K/home/ws/src/allan_variance_ros2/src/AllanVarianceComputor.cpp:76:23:[m[K [01;31m[Kerror: [m[Kbase operand of â€˜[01m[K->[m[Kâ€™ is not a pointer
[2.748s]    76 |       std::cerr << msg[01;31m[K->[m[Ktopic_name << std::endl;
[2.748s]       |                       [01;31m[K^~[m[K
[2.748s] [01m[K/home/ws/src/allan_variance_ros2/src/AllanVarianceComputor.cpp:34:7:[m[K [01;35m[Kwarning: [m[Kunused variable â€˜[01m[Kimu_counter[m[Kâ€™ [[01;35m[K]8;;https://gcc.gnu.org/onlinedocs/gcc/Warning-Options.html#index-Wunused-variable-Wunused-variable]8;;[m[K]
[2.748s]    34 |   int [01;35m[Kimu_counter[m[K = 0;
[2.748s]       |       [01;35m[K^~~~~~~~~~~[m[K
[3.332s] gmake[2]: *** [CMakeFiles/allan_variance_ros2.dir/build.make:104: CMakeFiles/allan_variance_ros2.dir/src/AllanVarianceComputor.cpp.o] Error 1
[3.332s] gmake[1]: *** [CMakeFiles/Makefile2:139: CMakeFiles/allan_variance_ros2.dir/all] Error 2
[3.333s] gmake: *** [Makefile:146: all] Error 2
[3.335s] Invoked command in '/home/ws/build/allan_variance_ros2' returned '2': CMAKE_PREFIX_PATH=${CMAKE_PREFIX_PATH}:/opt/ros/humble LD_LIBRARY_PATH=/home/ws/install/allan_variance_msgs/lib:/home/ws/install/allan_variance_ros2/lib:/opt/ros/humble/lib/x86_64-linux-gnu:/opt/ros/humble/lib /usr/bin/cmake --build /home/ws/build/allan_variance_ros2 -- -j12 -l12
